Parameters:
	-runDir
	/home/saul/projects/KALLHALL_DIG/virtuoso/lvs_runs
	-ossdir
	/home/saul/projects/KALLHALL_DIG/virtuoso/lvs_runs/
	-cellmap
	/home/saul/projects/KALLHALL_DIG/virtuoso/lvs_runs/lay_cellMap.txt
	-ppid
	26762
	-form
	-viewer
	virtuoso
	-schview
	schematic
	-tag
	GGMPFVFDGGNLFJKMH


Checking out SoftShare license Phys_Ver_Sys_Results_Mgr 16.1 Qty: 1 ... succeeded (1s).
starting pvsProbeServer: port= 55292
Starting probe server on port: 55292
Checking in SoftShare license Phys_Ver_Sys_Results_Mgr ... succeeded (1s).
